C:\Program Files (x86)\Microsoft Visual Studio\2017\Community\Common7\IDE\VC\VCTargets\Microsoft.CppBuild.targets(373,5): warning MSB8004: Output Directory does not end with a trailing slash.  This build instance will add the slash as it is required to allow proper evaluation of the Output Directory.
  p_client.c
p_client.c(70): warning C4100: 'self': unreferenced formal parameter
p_client.c(179): warning C4100: 'damage': unreferenced formal parameter
p_client.c(179): warning C4100: 'kick': unreferenced formal parameter
p_client.c(179): warning C4100: 'other': unreferenced formal parameter
p_client.c(179): warning C4100: 'self': unreferenced formal parameter
p_client.c(211): warning C4100: 'inflictor': unreferenced formal parameter
p_client.c(501): warning C4100: 'point': unreferenced formal parameter
p_client.c(931): warning C4100: 'point': unreferenced formal parameter
p_client.c(931): warning C4100: 'attacker': unreferenced formal parameter
p_client.c(931): warning C4100: 'inflictor': unreferenced formal parameter
p_client.c(1370): warning C4996: 'strcpy': This function or variable may be unsafe. Consider using strcpy_s instead. To disable deprecation, use _CRT_SECURE_NO_WARNINGS. See online help for details.
p_client.c(1375): warning C4996: 'strncpy': This function or variable may be unsafe. Consider using strncpy_s instead. To disable deprecation, use _CRT_SECURE_NO_WARNINGS. See online help for details.
  C:\Program Files (x86)\Windows Kits\10\Include\10.0.10240.0\ucrt\string.h(346): note: see declaration of 'strncpy'
p_client.c(1415): warning C4996: 'strncpy': This function or variable may be unsafe. Consider using strncpy_s instead. To disable deprecation, use _CRT_SECURE_NO_WARNINGS. See online help for details.
  C:\Program Files (x86)\Windows Kits\10\Include\10.0.10240.0\ucrt\string.h(346): note: see declaration of 'strncpy'
C:\Program Files (x86)\Microsoft Visual Studio\2017\Community\Common7\IDE\VC\VCTargets\Microsoft.CppBuild.targets(1198,5): warning MSB8012: TargetPath(G:\SteamLibrary\steamapps\common\Quake 2\baseq2\game.dll) does not match the Linker's OutputFile property value (G:\quake2-tutorials\release\gamex86.dll). This may cause your project to build incorrectly. To correct this, please make sure that $(OutDir), $(TargetName) and $(TargetExt) property values match the value specified in %(Link.OutputFile).
C:\Program Files (x86)\Microsoft Visual Studio\2017\Community\Common7\IDE\VC\VCTargets\Microsoft.CppBuild.targets(1200,5): warning MSB8012: TargetName(game) does not match the Linker's OutputFile property value (gamex86). This may cause your project to build incorrectly. To correct this, please make sure that $(OutDir), $(TargetName) and $(TargetExt) property values match the value specified in %(Link.OutputFile).
     Creating library .\..\release\gamex86.lib and object .\..\release\gamex86.exp
  game.vcxproj -> G:\SteamLibrary\steamapps\common\Quake 2\baseq2\game.dll
